<?xml version="1.0" encoding="UTF-8"?>
<testng-results ignored="0" total="1" passed="1" failed="0" skipped="0">
  <reporter-output>
  </reporter-output>
  <suite started-at="2024-06-12T23:35:13 BDT" name="Default suite" finished-at="2024-06-12T23:35:58 BDT" duration-ms="44362">
    <groups>
    </groups>
    <test started-at="2024-06-12T23:35:13 BDT" name="Default test" finished-at="2024-06-12T23:35:58 BDT" duration-ms="44362">
      <class name="com.mystore.testcases.TC_ProductPurchasePageTest">
        <test-method is-config="true" signature="setup()[pri:0, instance:com.mystore.testcases.TC_ProductPurchasePageTest@158a8276]" started-at="2024-06-12T23:35:13 BDT" name="setup" finished-at="2024-06-12T23:35:26 BDT" duration-ms="12165" status="PASS">
          <reporter-output>
          </reporter-output>
        </test-method> <!-- setup -->
        <test-method signature="verifyProductPurchase(java.lang.String,java.lang.String,java.lang.String,java.lang.String,java.lang.String,java.lang.String,java.lang.String,java.lang.String,java.lang.String)[pri:0, instance:com.mystore.testcases.TC_ProductPurchasePageTest@158a8276]" started-at="2024-06-12T23:35:27 BDT" name="verifyProductPurchase" data-provider="PurchaseDataProvider" finished-at="2024-06-12T23:35:58 BDT" duration-ms="30739" status="PASS">
          <params>
            <param index="0">
              <value>
                <![CDATA[L]]>
              </value>
            </param>
            <param index="1">
              <value>
                <![CDATA[2]]>
              </value>
            </param>
            <param index="2">
              <value>
                <![CDATA[ABC]]>
              </value>
            </param>
            <param index="3">
              <value>
                <![CDATA[Nevada]]>
              </value>
            </param>
            <param index="4">
              <value>
                <![CDATA[Colorado]]>
              </value>
            </param>
            <param index="5">
              <value>
                <![CDATA[19901]]>
              </value>
            </param>
            <param index="6">
              <value>
                <![CDATA[United States]]>
              </value>
            </param>
            <param index="7">
              <value>
                <![CDATA[8345654]]>
              </value>
            </param>
            <param index="8">
              <value>
                <![CDATA[25555555555]]>
              </value>
            </param>
          </params>
          <reporter-output>
          </reporter-output>
        </test-method> <!-- verifyProductPurchase -->
        <test-method is-config="true" signature="tearDown()[pri:0, instance:com.mystore.testcases.TC_ProductPurchasePageTest@158a8276]" started-at="2024-06-12T23:35:58 BDT" name="tearDown" finished-at="2024-06-12T23:35:58 BDT" duration-ms="239" status="PASS">
          <reporter-output>
          </reporter-output>
        </test-method> <!-- tearDown -->
      </class> <!-- com.mystore.testcases.TC_ProductPurchasePageTest -->
    </test> <!-- Default test -->
  </suite> <!-- Default suite -->
</testng-results>
